Determining if the system is big endian passed with the following output:
Change Dir: D:/Development/op3d_active/fltk-1.3.2/msvc/CMakeFiles/CMakeTmp

Run Build Command:C:\PROGRA~2\MICROS~3.0\Common7\IDE\devenv.com CMAKE_TRY_COMPILE.sln /build Debug /project cmTryCompileExec1761823996

Microsoft (R) Microsoft Visual Studio 2012 Version 11.0.61030.0.
Copyright (C) Microsoft Corp. All rights reserved.
1>------ Build started: Project: cmTryCompileExec1761823996, Configuration: Debug Win32 ------
1>  Microsoft (R) C/C++ Optimizing Compiler Version 17.00.61030 for x86
1>  Copyright (C) Microsoft Corporation.  All rights reserved.
1>  
1>  cl /c /Zi /W3 /WX- /Od /Ob0 /Oy- /D WIN32 /D _WINDOWS /D _DEBUG /D "CMAKE_INTDIR=\"Debug\"" /D _MBCS /Gm- /RTC1 /MDd /GS /fp:precise /Zc:wchar_t /Zc:forScope /Fo"cmTryCompileExec1761823996.dir\Debug\\" /Fd"D:/Development/op3d_active/fltk-1.3.2/msvc/CMakeFiles/CMakeTmp/Debug/cmTryCompileExec1761823996.pdb" /Gd /TC /analyze- /errorReport:prompt  /Zm1000 TestEndianess.c
1>  
1>  TestEndianess.c
1>  cmTryCompileExec1761823996.vcxproj -> D:\Development\op3d_active\fltk-1.3.2\msvc\CMakeFiles\CMakeTmp\Debug\cmTryCompileExec1761823996.exe
========== Build: 1 succeeded, 0 failed, 0 up-to-date, 0 skipped ==========

TestEndianess.c:
/* A 16 bit integer is required. */
typedef unsigned short cmakeint16;

/* On a little endian machine, these 16bit ints will give "THIS IS LITTLE ENDIAN."
   On a big endian machine the characters will be exchanged pairwise. */
const cmakeint16 info_little[] =  {0x4854, 0x5349, 0x4920, 0x2053, 0x494c, 0x5454, 0x454c, 0x4520, 0x444e, 0x4149, 0x2e4e, 0x0000};

/* on a big endian machine, these 16bit ints will give "THIS IS BIG ENDIAN."
   On a little endian machine the characters will be exchanged pairwise. */
const cmakeint16 info_big[] =     {0x5448, 0x4953, 0x2049, 0x5320, 0x4249, 0x4720, 0x454e, 0x4449, 0x414e, 0x2e2e, 0x0000};

#ifdef __CLASSIC_C__
int main(argc, argv) int argc; char *argv[];
#else
int main(int argc, char *argv[])
#endif
{
  int require = 0;
  require += info_little[argc];
  require += info_big[argc];
  (void)argv;
  return require;
}


Determining if the function dlsym exists failed with the following output:
Change Dir: D:/Development/op3d_active/fltk-1.3.2/msvc/CMakeFiles/CMakeTmp

Run Build Command:C:\PROGRA~2\MICROS~3.0\Common7\IDE\devenv.com CMAKE_TRY_COMPILE.sln /build Debug /project cmTryCompileExec1230769483

Microsoft (R) Microsoft Visual Studio 2012 Version 11.0.61030.0.
Copyright (C) Microsoft Corp. All rights reserved.
1>------ Build started: Project: cmTryCompileExec1230769483, Configuration: Debug Win32 ------
1>  Microsoft (R) C/C++ Optimizing Compiler Version 17.00.61030 for x86
1>  Copyright (C) Microsoft Corporation.  All rights reserved.
1>  
1>  cl /c /Zi /W3 /WX- /Od /Ob0 /Oy- /D WIN32 /D _WINDOWS /D CHECK_FUNCTION_EXISTS=dlsym /D _DEBUG /D "CMAKE_INTDIR=\"Debug\"" /D _MBCS /Gm- /RTC1 /MDd /GS /fp:precise /Zc:wchar_t /Zc:forScope /Fo"cmTryCompileExec1230769483.dir\Debug\\" /Fd"D:/Development/op3d_active/fltk-1.3.2/msvc/CMakeFiles/CMakeTmp/Debug/cmTryCompileExec1230769483.pdb" /Gd /TC /analyze- /errorReport:prompt  /Zm1000 "C:\Program Files (x86)\CMake 2.8\share\cmake-2.8\Modules\CheckFunctionExists.c"
1>  
1>  CheckFunctionExists.c
1>CheckFunctionExists.obj : error LNK2019: unresolved external symbol _dlsym referenced in function _main
1>D:\Development\op3d_active\fltk-1.3.2\msvc\CMakeFiles\CMakeTmp\Debug\cmTryCompileExec1230769483.exe : fatal error LNK1120: 1 unresolved externals
========== Build: 0 succeeded, 1 failed, 0 up-to-date, 0 skipped ==========


Determining if the function png_get_valid exists failed with the following output:
Change Dir: D:/Development/op3d_active/fltk-1.3.2/msvc/CMakeFiles/CMakeTmp

Run Build Command:C:\PROGRA~2\MICROS~3.0\Common7\IDE\devenv.com CMAKE_TRY_COMPILE.sln /build Debug /project cmTryCompileExec3673195759

Microsoft (R) Microsoft Visual Studio 2012 Version 11.0.61030.0.
Copyright (C) Microsoft Corp. All rights reserved.
1>------ Build started: Project: cmTryCompileExec3673195759, Configuration: Debug Win32 ------
1>  Microsoft (R) C/C++ Optimizing Compiler Version 17.00.61030 for x86
1>  Copyright (C) Microsoft Corporation.  All rights reserved.
1>  
1>  cl /c /Zi /W3 /WX- /Od /Ob0 /Oy- /D WIN32 /D _WINDOWS /D CHECK_FUNCTION_EXISTS=png_get_valid /D _DEBUG /D "CMAKE_INTDIR=\"Debug\"" /D _MBCS /Gm- /RTC1 /MDd /GS /fp:precise /Zc:wchar_t /Zc:forScope /Fo"cmTryCompileExec3673195759.dir\Debug\\" /Fd"D:/Development/op3d_active/fltk-1.3.2/msvc/CMakeFiles/CMakeTmp/Debug/cmTryCompileExec3673195759.pdb" /Gd /TC /analyze- /errorReport:prompt  /Zm1000 "C:\Program Files (x86)\CMake 2.8\share\cmake-2.8\Modules\CheckFunctionExists.c"
1>  
1>  CheckFunctionExists.c
1>CheckFunctionExists.obj : error LNK2019: unresolved external symbol _png_get_valid referenced in function _main
1>D:\Development\op3d_active\fltk-1.3.2\msvc\CMakeFiles\CMakeTmp\Debug\cmTryCompileExec3673195759.exe : fatal error LNK1120: 1 unresolved externals
========== Build: 0 succeeded, 1 failed, 0 up-to-date, 0 skipped ==========


Determining if the function png_set_tRNS_to_alpha exists failed with the following output:
Change Dir: D:/Development/op3d_active/fltk-1.3.2/msvc/CMakeFiles/CMakeTmp

Run Build Command:C:\PROGRA~2\MICROS~3.0\Common7\IDE\devenv.com CMAKE_TRY_COMPILE.sln /build Debug /project cmTryCompileExec752322274

Microsoft (R) Microsoft Visual Studio 2012 Version 11.0.61030.0.
Copyright (C) Microsoft Corp. All rights reserved.
1>------ Build started: Project: cmTryCompileExec752322274, Configuration: Debug Win32 ------
1>  Microsoft (R) C/C++ Optimizing Compiler Version 17.00.61030 for x86
1>  Copyright (C) Microsoft Corporation.  All rights reserved.
1>  
1>  cl /c /Zi /W3 /WX- /Od /Ob0 /Oy- /D WIN32 /D _WINDOWS /D CHECK_FUNCTION_EXISTS=png_set_tRNS_to_alpha /D _DEBUG /D "CMAKE_INTDIR=\"Debug\"" /D _MBCS /Gm- /RTC1 /MDd /GS /fp:precise /Zc:wchar_t /Zc:forScope /Fo"cmTryCompileExec752322274.dir\Debug\\" /Fd"D:/Development/op3d_active/fltk-1.3.2/msvc/CMakeFiles/CMakeTmp/Debug/cmTryCompileExec752322274.pdb" /Gd /TC /analyze- /errorReport:prompt  /Zm1000 "C:\Program Files (x86)\CMake 2.8\share\cmake-2.8\Modules\CheckFunctionExists.c"
1>  
1>  CheckFunctionExists.c
1>CheckFunctionExists.obj : error LNK2019: unresolved external symbol _png_set_tRNS_to_alpha referenced in function _main
1>D:\Development\op3d_active\fltk-1.3.2\msvc\CMakeFiles\CMakeTmp\Debug\cmTryCompileExec752322274.exe : fatal error LNK1120: 1 unresolved externals
========== Build: 0 succeeded, 1 failed, 0 up-to-date, 0 skipped ==========


Determining if the function scandir exists failed with the following output:
Change Dir: D:/Development/op3d_active/fltk-1.3.2/msvc/CMakeFiles/CMakeTmp

Run Build Command:C:\PROGRA~2\MICROS~3.0\Common7\IDE\devenv.com CMAKE_TRY_COMPILE.sln /build Debug /project cmTryCompileExec1278112684

Microsoft (R) Microsoft Visual Studio 2012 Version 11.0.61030.0.
Copyright (C) Microsoft Corp. All rights reserved.
1>------ Build started: Project: cmTryCompileExec1278112684, Configuration: Debug Win32 ------
1>  Microsoft (R) C/C++ Optimizing Compiler Version 17.00.61030 for x86
1>  Copyright (C) Microsoft Corporation.  All rights reserved.
1>  
1>  cl /c /Zi /W3 /WX- /Od /Ob0 /Oy- /D WIN32 /D _WINDOWS /D CHECK_FUNCTION_EXISTS=scandir /D _DEBUG /D "CMAKE_INTDIR=\"Debug\"" /D _MBCS /Gm- /RTC1 /MDd /GS /fp:precise /Zc:wchar_t /Zc:forScope /Fo"cmTryCompileExec1278112684.dir\Debug\\" /Fd"D:/Development/op3d_active/fltk-1.3.2/msvc/CMakeFiles/CMakeTmp/Debug/cmTryCompileExec1278112684.pdb" /Gd /TC /analyze- /errorReport:prompt  /Zm1000 "C:\Program Files (x86)\CMake 2.8\share\cmake-2.8\Modules\CheckFunctionExists.c"
1>  
1>  CheckFunctionExists.c
1>CheckFunctionExists.obj : error LNK2019: unresolved external symbol _scandir referenced in function _main
1>D:\Development\op3d_active\fltk-1.3.2\msvc\CMakeFiles\CMakeTmp\Debug\cmTryCompileExec1278112684.exe : fatal error LNK1120: 1 unresolved externals
========== Build: 0 succeeded, 1 failed, 0 up-to-date, 0 skipped ==========


Determining if the function snprintf exists failed with the following output:
Change Dir: D:/Development/op3d_active/fltk-1.3.2/msvc/CMakeFiles/CMakeTmp

Run Build Command:C:\PROGRA~2\MICROS~3.0\Common7\IDE\devenv.com CMAKE_TRY_COMPILE.sln /build Debug /project cmTryCompileExec2377957555

Microsoft (R) Microsoft Visual Studio 2012 Version 11.0.61030.0.
Copyright (C) Microsoft Corp. All rights reserved.
1>------ Build started: Project: cmTryCompileExec2377957555, Configuration: Debug Win32 ------
1>  Microsoft (R) C/C++ Optimizing Compiler Version 17.00.61030 for x86
1>  Copyright (C) Microsoft Corporation.  All rights reserved.
1>  
1>  cl /c /Zi /W3 /WX- /Od /Ob0 /Oy- /D WIN32 /D _WINDOWS /D CHECK_FUNCTION_EXISTS=snprintf /D _DEBUG /D "CMAKE_INTDIR=\"Debug\"" /D _MBCS /Gm- /RTC1 /MDd /GS /fp:precise /Zc:wchar_t /Zc:forScope /Fo"cmTryCompileExec2377957555.dir\Debug\\" /Fd"D:/Development/op3d_active/fltk-1.3.2/msvc/CMakeFiles/CMakeTmp/Debug/cmTryCompileExec2377957555.pdb" /Gd /TC /analyze- /errorReport:prompt  /Zm1000 "C:\Program Files (x86)\CMake 2.8\share\cmake-2.8\Modules\CheckFunctionExists.c"
1>  
1>  CheckFunctionExists.c
1>CheckFunctionExists.obj : error LNK2019: unresolved external symbol _snprintf referenced in function _main
1>D:\Development\op3d_active\fltk-1.3.2\msvc\CMakeFiles\CMakeTmp\Debug\cmTryCompileExec2377957555.exe : fatal error LNK1120: 1 unresolved externals
========== Build: 0 succeeded, 1 failed, 0 up-to-date, 0 skipped ==========


Determining if the function strlcat exists failed with the following output:
Change Dir: D:/Development/op3d_active/fltk-1.3.2/msvc/CMakeFiles/CMakeTmp

Run Build Command:C:\PROGRA~2\MICROS~3.0\Common7\IDE\devenv.com CMAKE_TRY_COMPILE.sln /build Debug /project cmTryCompileExec2859203549

Microsoft (R) Microsoft Visual Studio 2012 Version 11.0.61030.0.
Copyright (C) Microsoft Corp. All rights reserved.
1>------ Build started: Project: cmTryCompileExec2859203549, Configuration: Debug Win32 ------
1>  Microsoft (R) C/C++ Optimizing Compiler Version 17.00.61030 for x86
1>  Copyright (C) Microsoft Corporation.  All rights reserved.
1>  
1>  cl /c /Zi /W3 /WX- /Od /Ob0 /Oy- /D WIN32 /D _WINDOWS /D CHECK_FUNCTION_EXISTS=strlcat /D _DEBUG /D "CMAKE_INTDIR=\"Debug\"" /D _MBCS /Gm- /RTC1 /MDd /GS /fp:precise /Zc:wchar_t /Zc:forScope /Fo"cmTryCompileExec2859203549.dir\Debug\\" /Fd"D:/Development/op3d_active/fltk-1.3.2/msvc/CMakeFiles/CMakeTmp/Debug/cmTryCompileExec2859203549.pdb" /Gd /TC /analyze- /errorReport:prompt  /Zm1000 "C:\Program Files (x86)\CMake 2.8\share\cmake-2.8\Modules\CheckFunctionExists.c"
1>  
1>  CheckFunctionExists.c
1>CheckFunctionExists.obj : error LNK2019: unresolved external symbol _strlcat referenced in function _main
1>D:\Development\op3d_active\fltk-1.3.2\msvc\CMakeFiles\CMakeTmp\Debug\cmTryCompileExec2859203549.exe : fatal error LNK1120: 1 unresolved externals
========== Build: 0 succeeded, 1 failed, 0 up-to-date, 0 skipped ==========


Determining if the function strlcpy exists failed with the following output:
Change Dir: D:/Development/op3d_active/fltk-1.3.2/msvc/CMakeFiles/CMakeTmp

Run Build Command:C:\PROGRA~2\MICROS~3.0\Common7\IDE\devenv.com CMAKE_TRY_COMPILE.sln /build Debug /project cmTryCompileExec3859694019

Microsoft (R) Microsoft Visual Studio 2012 Version 11.0.61030.0.
Copyright (C) Microsoft Corp. All rights reserved.
1>------ Build started: Project: cmTryCompileExec3859694019, Configuration: Debug Win32 ------
1>  Microsoft (R) C/C++ Optimizing Compiler Version 17.00.61030 for x86
1>  Copyright (C) Microsoft Corporation.  All rights reserved.
1>  
1>  cl /c /Zi /W3 /WX- /Od /Ob0 /Oy- /D WIN32 /D _WINDOWS /D CHECK_FUNCTION_EXISTS=strlcpy /D _DEBUG /D "CMAKE_INTDIR=\"Debug\"" /D _MBCS /Gm- /RTC1 /MDd /GS /fp:precise /Zc:wchar_t /Zc:forScope /Fo"cmTryCompileExec3859694019.dir\Debug\\" /Fd"D:/Development/op3d_active/fltk-1.3.2/msvc/CMakeFiles/CMakeTmp/Debug/cmTryCompileExec3859694019.pdb" /Gd /TC /analyze- /errorReport:prompt  /Zm1000 "C:\Program Files (x86)\CMake 2.8\share\cmake-2.8\Modules\CheckFunctionExists.c"
1>  
1>  CheckFunctionExists.c
1>CheckFunctionExists.obj : error LNK2019: unresolved external symbol _strlcpy referenced in function _main
1>D:\Development\op3d_active\fltk-1.3.2\msvc\CMakeFiles\CMakeTmp\Debug\cmTryCompileExec3859694019.exe : fatal error LNK1120: 1 unresolved externals
========== Build: 0 succeeded, 1 failed, 0 up-to-date, 0 skipped ==========


Determining if the function strtoll exists failed with the following output:
Change Dir: D:/Development/op3d_active/fltk-1.3.2/msvc/CMakeFiles/CMakeTmp

Run Build Command:C:\PROGRA~2\MICROS~3.0\Common7\IDE\devenv.com CMAKE_TRY_COMPILE.sln /build Debug /project cmTryCompileExec3325269827

Microsoft (R) Microsoft Visual Studio 2012 Version 11.0.61030.0.
Copyright (C) Microsoft Corp. All rights reserved.
1>------ Build started: Project: cmTryCompileExec3325269827, Configuration: Debug Win32 ------
1>  Microsoft (R) C/C++ Optimizing Compiler Version 17.00.61030 for x86
1>  Copyright (C) Microsoft Corporation.  All rights reserved.
1>  
1>  cl /c /Zi /W3 /WX- /Od /Ob0 /Oy- /D WIN32 /D _WINDOWS /D CHECK_FUNCTION_EXISTS=strtoll /D _DEBUG /D "CMAKE_INTDIR=\"Debug\"" /D _MBCS /Gm- /RTC1 /MDd /GS /fp:precise /Zc:wchar_t /Zc:forScope /Fo"cmTryCompileExec3325269827.dir\Debug\\" /Fd"D:/Development/op3d_active/fltk-1.3.2/msvc/CMakeFiles/CMakeTmp/Debug/cmTryCompileExec3325269827.pdb" /Gd /TC /analyze- /errorReport:prompt  /Zm1000 "C:\Program Files (x86)\CMake 2.8\share\cmake-2.8\Modules\CheckFunctionExists.c"
1>  
1>  CheckFunctionExists.c
1>CheckFunctionExists.obj : error LNK2019: unresolved external symbol _strtoll referenced in function _main
1>D:\Development\op3d_active\fltk-1.3.2\msvc\CMakeFiles\CMakeTmp\Debug\cmTryCompileExec3325269827.exe : fatal error LNK1120: 1 unresolved externals
========== Build: 0 succeeded, 1 failed, 0 up-to-date, 0 skipped ==========


Determining if the function glXGetProcAddressARB exists failed with the following output:
Change Dir: D:/Development/op3d_active/fltk-1.3.2/msvc/CMakeFiles/CMakeTmp

Run Build Command:C:\PROGRA~2\MICROS~3.0\Common7\IDE\devenv.com CMAKE_TRY_COMPILE.sln /build Debug /project cmTryCompileExec3606254317

Microsoft (R) Microsoft Visual Studio 2012 Version 11.0.61030.0.
Copyright (C) Microsoft Corp. All rights reserved.
1>------ Build started: Project: cmTryCompileExec3606254317, Configuration: Debug Win32 ------
1>  Microsoft (R) C/C++ Optimizing Compiler Version 17.00.61030 for x86
1>  Copyright (C) Microsoft Corporation.  All rights reserved.
1>  
1>  cl /c /I/GL /Zi /W3 /WX- /Od /Ob0 /Oy- /D WIN32 /D _WINDOWS /D CHECK_FUNCTION_EXISTS=glXGetProcAddressARB /D _DEBUG /D "CMAKE_INTDIR=\"Debug\"" /D _MBCS /Gm- /RTC1 /MDd /GS /fp:precise /Zc:wchar_t /Zc:forScope /Fo"cmTryCompileExec3606254317.dir\Debug\\" /Fd"D:/Development/op3d_active/fltk-1.3.2/msvc/CMakeFiles/CMakeTmp/Debug/cmTryCompileExec3606254317.pdb" /Gd /TC /analyze- /errorReport:prompt  /Zm1000 "C:\Program Files (x86)\CMake 2.8\share\cmake-2.8\Modules\CheckFunctionExists.c"
1>  
1>  CheckFunctionExists.c
1>LINK : warning LNK4044: unrecognized option '/lGLU'; ignored
1>LINK : warning LNK4044: unrecognized option '/lGL'; ignored
1>CheckFunctionExists.obj : error LNK2019: unresolved external symbol _glXGetProcAddressARB referenced in function _main
1>D:\Development\op3d_active\fltk-1.3.2\msvc\CMakeFiles\CMakeTmp\Debug\cmTryCompileExec3606254317.exe : fatal error LNK1120: 1 unresolved externals
========== Build: 0 succeeded, 1 failed, 0 up-to-date, 0 skipped ==========


Determining if files pthread.h exist failed with the following output:
Change Dir: D:/Development/op3d_active/fltk-1.3.2/msvc/CMakeFiles/CMakeTmp

Run Build Command:C:\PROGRA~2\MICROS~3.0\Common7\IDE\devenv.com CMAKE_TRY_COMPILE.sln /build Debug /project cmTryCompileExec1810169019

Microsoft (R) Microsoft Visual Studio 2012 Version 11.0.61030.0.
Copyright (C) Microsoft Corp. All rights reserved.
1>------ Build started: Project: cmTryCompileExec1810169019, Configuration: Debug Win32 ------
1>  Microsoft (R) C/C++ Optimizing Compiler Version 17.00.61030 for x86
1>  Copyright (C) Microsoft Corporation.  All rights reserved.
1>  
1>  cl /c /I/GL /Zi /W3 /WX- /Od /Ob0 /Oy- /D WIN32 /D _WINDOWS /D _DEBUG /D "CMAKE_INTDIR=\"Debug\"" /D _MBCS /Gm- /RTC1 /MDd /GS /fp:precise /Zc:wchar_t /Zc:forScope /Fo"cmTryCompileExec1810169019.dir\Debug\\" /Fd"D:/Development/op3d_active/fltk-1.3.2/msvc/CMakeFiles/CMakeTmp/Debug/cmTryCompileExec1810169019.pdb" /Gd /TC /analyze- /errorReport:prompt  /Zm1000 CheckIncludeFiles.c
1>  
1>  CheckIncludeFiles.c
1>CheckIncludeFiles.c(2): fatal error C1083: Cannot open include file: 'pthread.h': No such file or directory
========== Build: 0 succeeded, 1 failed, 0 up-to-date, 0 skipped ==========

Source:
/* */
#include <pthread.h>


int main(){return 0;}

